[debug] [2017-11-24T00:44:52.396Z] ----------------------------------------------------------------------
[debug] [2017-11-24T00:44:52.398Z] Command:       C:\Program Files\nodejs\node.exe C:\Users\mingwei\AppData\Roaming\npm\node_modules\firebase-tools\bin\firebase deploy --only functions
[debug] [2017-11-24T00:44:52.398Z] CLI Version:   3.14.0
[debug] [2017-11-24T00:44:52.398Z] Platform:      win32
[debug] [2017-11-24T00:44:52.399Z] Node Version:  v8.1.4
[debug] [2017-11-24T00:44:52.399Z] Time:          Thu Nov 23 2017 16:44:52 GMT-0800 (Pacific Standard Time)
[debug] [2017-11-24T00:44:52.399Z] ----------------------------------------------------------------------
[debug] 
[debug] [2017-11-24T00:44:52.416Z] > command requires scopes: ["email","openid","https://www.googleapis.com/auth/cloudplatformprojects.readonly","https://www.googleapis.com/auth/firebase","https://www.googleapis.com/auth/cloud-platform"]
[debug] [2017-11-24T00:44:52.417Z] > authorizing via signed-in user
[debug] [2017-11-24T00:44:52.419Z] > refreshing access token with scopes: ["email","https://www.googleapis.com/auth/cloud-platform","https://www.googleapis.com/auth/cloudplatformprojects.readonly","https://www.googleapis.com/auth/firebase","openid"]
[debug] [2017-11-24T00:44:52.419Z] >>> HTTP REQUEST POST https://www.googleapis.com/oauth2/v3/token { refresh_token: '1/IIp7KV9MpsFWz0lM4q5opJ33qkZ7ifPbrHPOWqJrvKplZeB9ycfUltHPLC3LBACS',
  client_id: '563584335869-fgrhgmd47bqnekij5i8b5pr03ho849e6.apps.googleusercontent.com',
  client_secret: 'j9iVZfS8kkCEFUPaAeJV0sAi',
  grant_type: 'refresh_token',
  scope: 'email https://www.googleapis.com/auth/cloud-platform https://www.googleapis.com/auth/cloudplatformprojects.readonly https://www.googleapis.com/auth/firebase openid' } 
 Thu Nov 23 2017 16:44:52 GMT-0800 (Pacific Standard Time)
[debug] [2017-11-24T00:44:52.591Z] <<< HTTP RESPONSE 200
[debug] [2017-11-24T00:44:52.604Z] >>> HTTP REQUEST GET https://admin.firebase.com/v1/projects/league-voice-7fa50  
 Thu Nov 23 2017 16:44:52 GMT-0800 (Pacific Standard Time)
[debug] [2017-11-24T00:44:53.249Z] <<< HTTP RESPONSE 200
[debug] [2017-11-24T00:44:53.251Z] >>> HTTP REQUEST GET https://admin.firebase.com/v1/database/league-voice-7fa50/tokens  
 Thu Nov 23 2017 16:44:53 GMT-0800 (Pacific Standard Time)
[debug] [2017-11-24T00:44:53.838Z] <<< HTTP RESPONSE 200
[info] 1
[info] 
[info] === Deploying to 'league-voice-7fa50'...
[info] 
[info] i  deploying functions
[debug] [2017-11-24T00:44:54.660Z] > [functions] package.json contents: {
  "name": "functions",
  "description": "Cloud Functions for Firebase",
  "scripts": {
    "serve": "firebase serve --only functions",
    "shell": "firebase experimental:functions:shell",
    "start": "npm run shell",
    "deploy": "firebase deploy --only functions",
    "logs": "firebase functions:log",
    "test": "./node_modules/.bin/mocha *.test.js firebase/**/*.test.js backend/**/*.test.js"
  },
  "dependencies": {
    "actions-on-google": "*",
    "cheerio": "^1.0.0-rc.2",
    "firebase": "^4.6.1",
    "firebase-admin": "*",
    "firebase-functions": "^0.7.2",
    "jsonframe-cheerio": "^3.0.1",
    "request": "^2.83.0",
    "request-promise": "^4.2.2"
  },
  "private": true,
  "devDependencies": {
    "chai": "^4.1.2",
    "mocha": "^4.0.1"
  }
}
[info] i  functions: ensuring necessary APIs are enabled...
[info] i  runtimeconfig: ensuring necessary APIs are enabled...
[debug] [2017-11-24T00:44:54.663Z] >>> HTTP REQUEST GET https://servicemanagement.googleapis.com/v1/services/cloudfunctions.googleapis.com/projectSettings/league-voice-7fa50?view=CONSUMER_VIEW  
 Thu Nov 23 2017 16:44:54 GMT-0800 (Pacific Standard Time)
[debug] [2017-11-24T00:44:54.664Z] >>> HTTP REQUEST GET https://servicemanagement.googleapis.com/v1/services/runtimeconfig.googleapis.com/projectSettings/league-voice-7fa50?view=CONSUMER_VIEW  
 Thu Nov 23 2017 16:44:54 GMT-0800 (Pacific Standard Time)
[debug] [2017-11-24T00:44:55.288Z] <<< HTTP RESPONSE 200
[info] +  runtimeconfig: all necessary APIs are enabled
[debug] [2017-11-24T00:44:55.343Z] <<< HTTP RESPONSE 200
[info] +  functions: all necessary APIs are enabled
[debug] [2017-11-24T00:44:55.345Z] >>> HTTP REQUEST GET https://appengine.googleapis.com/v1/apps/league-voice-7fa50  
 Thu Nov 23 2017 16:44:55 GMT-0800 (Pacific Standard Time)
[debug] [2017-11-24T00:44:55.345Z] >>> HTTP REQUEST GET https://apikeys.googleapis.com/v1/projects/league-voice-7fa50/apiKeys  
 Thu Nov 23 2017 16:44:55 GMT-0800 (Pacific Standard Time)
[debug] [2017-11-24T00:44:55.927Z] <<< HTTP RESPONSE 200
[debug] [2017-11-24T00:44:55.937Z] <<< HTTP RESPONSE 200
